2015-07-14 18:39:24,444 [Worker-4] INFO  o.e.m.c.i.l.LifecycleMappingFactory - Using org.eclipse.m2e.jdt.JarLifecycleMapping lifecycle mapping for MavenProject: com.maiastra:docker_upload:0.0.1-SNAPSHOT @ /Users/tschoots/BDS_development/Docker/hub_client/upload_ec_ws/docker_upload/pom.xml.
2015-07-14 18:39:24,646 [Worker-4] INFO  o.e.m.j.i.AbstractJavaProjectConfigurator - Adding source folder /docker_upload/src/main/java
2015-07-14 18:39:24,648 [Worker-4] INFO  o.e.m.j.i.AbstractJavaProjectConfigurator - Adding resource folder /docker_upload/src/main/resources
2015-07-14 18:39:24,648 [Worker-4] INFO  o.e.m.j.i.AbstractJavaProjectConfigurator - Adding source folder /docker_upload/src/test/java
2015-07-14 18:39:24,648 [Worker-4] INFO  o.e.m.j.i.AbstractJavaProjectConfigurator - Adding resource folder /docker_upload/src/test/resources
2015-07-14 18:39:26,458 [Worker-7] WARN  o.e.m.c.i.embedder.EclipseLogger - Using platform encoding (UTF-8 actually) to copy filtered resources, i.e. build is platform dependent!
2015-07-14 18:39:26,464 [Worker-7] INFO  o.e.m.c.i.embedder.EclipseLogger - Copying 0 resource
2015-07-14 18:39:26,465 [Worker-7] WARN  o.e.m.c.i.embedder.EclipseLogger - Using platform encoding (UTF-8 actually) to copy filtered resources, i.e. build is platform dependent!
2015-07-14 18:39:26,466 [Worker-7] INFO  o.e.m.c.i.embedder.EclipseLogger - Copying 0 resource
2015-07-14 19:01:46,441 [Worker-19] WARN  o.e.m.c.i.embedder.EclipseLogger - Using platform encoding (UTF-8 actually) to copy filtered resources, i.e. build is platform dependent!
2015-07-14 19:01:46,445 [Worker-19] INFO  o.e.m.c.i.embedder.EclipseLogger - Copying 0 resource
2015-07-14 19:01:46,447 [Worker-19] WARN  o.e.m.c.i.embedder.EclipseLogger - Using platform encoding (UTF-8 actually) to copy filtered resources, i.e. build is platform dependent!
2015-07-14 19:01:46,448 [Worker-19] INFO  o.e.m.c.i.embedder.EclipseLogger - Copying 0 resource
2015-07-14 19:11:04,768 [Worker-7] WARN  o.e.m.c.i.embedder.EclipseLogger - Using platform encoding (UTF-8 actually) to copy filtered resources, i.e. build is platform dependent!
2015-07-14 19:11:04,770 [Worker-7] INFO  o.e.m.c.i.embedder.EclipseLogger - Copying 0 resource
2015-07-14 19:11:04,772 [Worker-7] WARN  o.e.m.c.i.embedder.EclipseLogger - Using platform encoding (UTF-8 actually) to copy filtered resources, i.e. build is platform dependent!
2015-07-14 19:11:04,772 [Worker-7] INFO  o.e.m.c.i.embedder.EclipseLogger - Copying 0 resource
2015-07-14 19:11:34,811 [Worker-23] WARN  o.e.m.c.i.embedder.EclipseLogger - Using platform encoding (UTF-8 actually) to copy filtered resources, i.e. build is platform dependent!
2015-07-14 19:11:34,811 [Worker-23] INFO  o.e.m.c.i.embedder.EclipseLogger - Copying 0 resource
2015-07-14 19:11:34,812 [Worker-23] WARN  o.e.m.c.i.embedder.EclipseLogger - Using platform encoding (UTF-8 actually) to copy filtered resources, i.e. build is platform dependent!
2015-07-14 19:11:34,813 [Worker-23] INFO  o.e.m.c.i.embedder.EclipseLogger - Copying 0 resource
2015-07-14 19:13:00,380 [Worker-20] INFO  o.e.m.c.i.l.LifecycleMappingFactory - Using org.eclipse.m2e.jdt.JarLifecycleMapping lifecycle mapping for MavenProject: com.maiastra:docker_upload:0.0.1-SNAPSHOT @ /Users/tschoots/BDS_development/Docker/hub_client/upload_ec_ws/docker_upload/pom.xml.
2015-07-14 19:13:01,974 [Worker-20] INFO  o.e.m.c.i.e.AbstractTransferListenerAdapter - Downloaded https://repo.maven.apache.org/maven2/org/apache/httpcomponents/htpcore/4.4.1/htpcore-4.4.1.pom
2015-07-14 19:13:01,976 [Worker-20] WARN  o.e.m.c.i.embedder.EclipseLogger - The POM for org.apache.httpcomponents:htpcore:jar:4.4.1 is missing, no dependency information available
2015-07-14 19:13:02,552 [Worker-20] INFO  o.e.m.c.i.e.AbstractTransferListenerAdapter - Downloaded https://repo.maven.apache.org/maven2/org/apache/httpcomponents/htpcore/4.4.1/htpcore-4.4.1.jar
2015-07-14 19:13:02,716 [Worker-20] WARN  o.e.m.c.i.embedder.EclipseLogger - Using platform encoding (UTF-8 actually) to copy filtered resources, i.e. build is platform dependent!
2015-07-14 19:13:02,717 [Worker-20] INFO  o.e.m.c.i.embedder.EclipseLogger - Copying 0 resource
2015-07-14 19:13:02,719 [Worker-20] WARN  o.e.m.c.i.embedder.EclipseLogger - Using platform encoding (UTF-8 actually) to copy filtered resources, i.e. build is platform dependent!
2015-07-14 19:13:02,720 [Worker-20] INFO  o.e.m.c.i.embedder.EclipseLogger - Copying 0 resource
2015-07-14 19:13:02,817 [Worker-20] WARN  o.e.m.c.i.embedder.EclipseLogger - The POM for org.apache.httpcomponents:htpcore:jar:4.4.1 is missing, no dependency information available
2015-07-14 19:13:33,254 [Worker-21] WARN  o.e.m.c.i.embedder.EclipseLogger - Using platform encoding (UTF-8 actually) to copy filtered resources, i.e. build is platform dependent!
2015-07-14 19:13:33,255 [Worker-21] INFO  o.e.m.c.i.embedder.EclipseLogger - Copying 0 resource
2015-07-14 19:13:33,256 [Worker-21] WARN  o.e.m.c.i.embedder.EclipseLogger - Using platform encoding (UTF-8 actually) to copy filtered resources, i.e. build is platform dependent!
2015-07-14 19:13:33,256 [Worker-21] INFO  o.e.m.c.i.embedder.EclipseLogger - Copying 0 resource
2015-07-14 19:17:39,565 [Worker-22] INFO  o.e.m.c.i.l.LifecycleMappingFactory - Using org.eclipse.m2e.jdt.JarLifecycleMapping lifecycle mapping for MavenProject: com.maiastra:docker_upload:0.0.1-SNAPSHOT @ /Users/tschoots/BDS_development/Docker/hub_client/upload_ec_ws/docker_upload/pom.xml.
2015-07-14 19:17:39,687 [Worker-22] WARN  o.e.m.c.i.embedder.EclipseLogger - Using platform encoding (UTF-8 actually) to copy filtered resources, i.e. build is platform dependent!
2015-07-14 19:17:39,689 [Worker-22] INFO  o.e.m.c.i.embedder.EclipseLogger - Copying 0 resource
2015-07-14 19:17:39,690 [Worker-22] WARN  o.e.m.c.i.embedder.EclipseLogger - Using platform encoding (UTF-8 actually) to copy filtered resources, i.e. build is platform dependent!
2015-07-14 19:17:39,691 [Worker-22] INFO  o.e.m.c.i.embedder.EclipseLogger - Copying 0 resource
2015-07-14 19:17:40,782 [Worker-23] WARN  o.e.m.c.i.embedder.EclipseLogger - Using platform encoding (UTF-8 actually) to copy filtered resources, i.e. build is platform dependent!
2015-07-14 19:17:40,782 [Worker-23] INFO  o.e.m.c.i.embedder.EclipseLogger - Copying 0 resource
2015-07-14 19:17:40,783 [Worker-23] WARN  o.e.m.c.i.embedder.EclipseLogger - Using platform encoding (UTF-8 actually) to copy filtered resources, i.e. build is platform dependent!
2015-07-14 19:17:40,783 [Worker-23] INFO  o.e.m.c.i.embedder.EclipseLogger - Copying 0 resource
2015-07-14 19:20:52,848 [Worker-23] WARN  o.e.m.c.i.embedder.EclipseLogger - Using platform encoding (UTF-8 actually) to copy filtered resources, i.e. build is platform dependent!
2015-07-14 19:20:52,849 [Worker-23] INFO  o.e.m.c.i.embedder.EclipseLogger - Copying 0 resource
2015-07-14 19:20:52,850 [Worker-23] WARN  o.e.m.c.i.embedder.EclipseLogger - Using platform encoding (UTF-8 actually) to copy filtered resources, i.e. build is platform dependent!
2015-07-14 19:20:52,850 [Worker-23] INFO  o.e.m.c.i.embedder.EclipseLogger - Copying 0 resource
2015-07-14 19:22:57,580 [Worker-21] WARN  o.e.m.c.i.embedder.EclipseLogger - Using platform encoding (UTF-8 actually) to copy filtered resources, i.e. build is platform dependent!
2015-07-14 19:22:57,581 [Worker-21] INFO  o.e.m.c.i.embedder.EclipseLogger - Copying 0 resource
2015-07-14 19:22:57,582 [Worker-21] WARN  o.e.m.c.i.embedder.EclipseLogger - Using platform encoding (UTF-8 actually) to copy filtered resources, i.e. build is platform dependent!
2015-07-14 19:22:57,583 [Worker-21] INFO  o.e.m.c.i.embedder.EclipseLogger - Copying 0 resource
2015-07-14 19:23:09,988 [Worker-21] WARN  o.e.m.c.i.embedder.EclipseLogger - Using platform encoding (UTF-8 actually) to copy filtered resources, i.e. build is platform dependent!
2015-07-14 19:23:09,988 [Worker-21] INFO  o.e.m.c.i.embedder.EclipseLogger - Copying 0 resource
2015-07-14 19:23:09,989 [Worker-21] WARN  o.e.m.c.i.embedder.EclipseLogger - Using platform encoding (UTF-8 actually) to copy filtered resources, i.e. build is platform dependent!
2015-07-14 19:23:09,990 [Worker-21] INFO  o.e.m.c.i.embedder.EclipseLogger - Copying 0 resource
2015-07-14 19:23:49,168 [Worker-21] WARN  o.e.m.c.i.embedder.EclipseLogger - Using platform encoding (UTF-8 actually) to copy filtered resources, i.e. build is platform dependent!
2015-07-14 19:23:49,168 [Worker-21] INFO  o.e.m.c.i.embedder.EclipseLogger - Copying 0 resource
2015-07-14 19:23:49,169 [Worker-21] WARN  o.e.m.c.i.embedder.EclipseLogger - Using platform encoding (UTF-8 actually) to copy filtered resources, i.e. build is platform dependent!
2015-07-14 19:23:49,170 [Worker-21] INFO  o.e.m.c.i.embedder.EclipseLogger - Copying 0 resource
2015-07-14 19:25:29,838 [Start Help Server] INFO  org.eclipse.jetty.util.log - Logging initialized @3229346ms
2015-07-14 19:25:29,980 [Start Help Server] INFO  org.eclipse.jetty.server.Server - jetty-9.2.9.v20150224
2015-07-14 19:25:30,034 [Start Help Server] INFO  o.e.j.server.handler.ContextHandler - Started o.e.j.s.ServletContextHandler@bce2a9e{/help,null,AVAILABLE}
2015-07-14 19:25:30,042 [Start Help Server] INFO  o.e.jetty.server.ServerConnector - Started ServerConnector@64d97408{HTTP/1.1}{127.0.0.1:53785}
2015-07-14 19:25:30,043 [Start Help Server] INFO  org.eclipse.jetty.server.Server - Started @3229550ms
2015-07-14 19:26:07,596 [Worker-25] WARN  o.e.m.c.i.embedder.EclipseLogger - Using platform encoding (UTF-8 actually) to copy filtered resources, i.e. build is platform dependent!
2015-07-14 19:26:07,597 [Worker-25] INFO  o.e.m.c.i.embedder.EclipseLogger - Copying 0 resource
2015-07-14 19:26:07,598 [Worker-25] WARN  o.e.m.c.i.embedder.EclipseLogger - Using platform encoding (UTF-8 actually) to copy filtered resources, i.e. build is platform dependent!
2015-07-14 19:26:07,598 [Worker-25] INFO  o.e.m.c.i.embedder.EclipseLogger - Copying 0 resource
2015-07-14 19:53:10,892 [Worker-33] WARN  o.e.m.c.i.embedder.EclipseLogger - Using platform encoding (UTF-8 actually) to copy filtered resources, i.e. build is platform dependent!
2015-07-14 19:53:10,892 [Worker-33] INFO  o.e.m.c.i.embedder.EclipseLogger - Copying 0 resource
2015-07-14 19:53:10,893 [Worker-33] WARN  o.e.m.c.i.embedder.EclipseLogger - Using platform encoding (UTF-8 actually) to copy filtered resources, i.e. build is platform dependent!
2015-07-14 19:53:10,893 [Worker-33] INFO  o.e.m.c.i.embedder.EclipseLogger - Copying 0 resource
2015-07-14 19:53:34,809 [Worker-31] WARN  o.e.m.c.i.embedder.EclipseLogger - Using platform encoding (UTF-8 actually) to copy filtered resources, i.e. build is platform dependent!
2015-07-14 19:53:34,809 [Worker-31] INFO  o.e.m.c.i.embedder.EclipseLogger - Copying 0 resource
2015-07-14 19:53:34,810 [Worker-31] WARN  o.e.m.c.i.embedder.EclipseLogger - Using platform encoding (UTF-8 actually) to copy filtered resources, i.e. build is platform dependent!
2015-07-14 19:53:34,810 [Worker-31] INFO  o.e.m.c.i.embedder.EclipseLogger - Copying 0 resource
2015-07-14 19:57:04,301 [Worker-31] WARN  o.e.m.c.i.embedder.EclipseLogger - Using platform encoding (UTF-8 actually) to copy filtered resources, i.e. build is platform dependent!
2015-07-14 19:57:04,301 [Worker-31] INFO  o.e.m.c.i.embedder.EclipseLogger - Copying 0 resource
2015-07-14 19:57:04,302 [Worker-31] WARN  o.e.m.c.i.embedder.EclipseLogger - Using platform encoding (UTF-8 actually) to copy filtered resources, i.e. build is platform dependent!
2015-07-14 19:57:04,303 [Worker-31] INFO  o.e.m.c.i.embedder.EclipseLogger - Copying 0 resource
2015-07-14 20:10:47,902 [Worker-46] WARN  o.e.m.c.i.embedder.EclipseLogger - Using platform encoding (UTF-8 actually) to copy filtered resources, i.e. build is platform dependent!
2015-07-14 20:10:47,903 [Worker-46] INFO  o.e.m.c.i.embedder.EclipseLogger - Copying 0 resource
2015-07-14 20:10:47,904 [Worker-46] WARN  o.e.m.c.i.embedder.EclipseLogger - Using platform encoding (UTF-8 actually) to copy filtered resources, i.e. build is platform dependent!
2015-07-14 20:10:47,904 [Worker-46] INFO  o.e.m.c.i.embedder.EclipseLogger - Copying 0 resource
2015-07-14 20:31:30,467 [Worker-60] WARN  o.e.m.c.i.embedder.EclipseLogger - Using platform encoding (UTF-8 actually) to copy filtered resources, i.e. build is platform dependent!
2015-07-14 20:31:30,468 [Worker-60] INFO  o.e.m.c.i.embedder.EclipseLogger - Copying 0 resource
2015-07-14 20:31:30,469 [Worker-60] WARN  o.e.m.c.i.embedder.EclipseLogger - Using platform encoding (UTF-8 actually) to copy filtered resources, i.e. build is platform dependent!
2015-07-14 20:31:30,470 [Worker-60] INFO  o.e.m.c.i.embedder.EclipseLogger - Copying 0 resource
2015-07-14 20:32:50,759 [Worker-44] WARN  o.e.m.c.i.embedder.EclipseLogger - Using platform encoding (UTF-8 actually) to copy filtered resources, i.e. build is platform dependent!
2015-07-14 20:32:50,760 [Worker-44] INFO  o.e.m.c.i.embedder.EclipseLogger - Copying 0 resource
2015-07-14 20:32:50,761 [Worker-44] WARN  o.e.m.c.i.embedder.EclipseLogger - Using platform encoding (UTF-8 actually) to copy filtered resources, i.e. build is platform dependent!
2015-07-14 20:32:50,761 [Worker-44] INFO  o.e.m.c.i.embedder.EclipseLogger - Copying 0 resource
2015-07-14 20:34:03,146 [Worker-58] WARN  o.e.m.c.i.embedder.EclipseLogger - Using platform encoding (UTF-8 actually) to copy filtered resources, i.e. build is platform dependent!
2015-07-14 20:34:03,147 [Worker-58] INFO  o.e.m.c.i.embedder.EclipseLogger - Copying 0 resource
2015-07-14 20:34:03,148 [Worker-58] WARN  o.e.m.c.i.embedder.EclipseLogger - Using platform encoding (UTF-8 actually) to copy filtered resources, i.e. build is platform dependent!
2015-07-14 20:34:03,149 [Worker-58] INFO  o.e.m.c.i.embedder.EclipseLogger - Copying 0 resource
2015-07-14 20:36:18,539 [Worker-57] WARN  o.e.m.c.i.embedder.EclipseLogger - Using platform encoding (UTF-8 actually) to copy filtered resources, i.e. build is platform dependent!
2015-07-14 20:36:18,539 [Worker-57] INFO  o.e.m.c.i.embedder.EclipseLogger - Copying 0 resource
2015-07-14 20:36:18,540 [Worker-57] WARN  o.e.m.c.i.embedder.EclipseLogger - Using platform encoding (UTF-8 actually) to copy filtered resources, i.e. build is platform dependent!
2015-07-14 20:36:18,541 [Worker-57] INFO  o.e.m.c.i.embedder.EclipseLogger - Copying 0 resource
2015-07-14 21:03:13,731 [Worker-71] WARN  o.e.m.c.i.embedder.EclipseLogger - Using platform encoding (UTF-8 actually) to copy filtered resources, i.e. build is platform dependent!
2015-07-14 21:03:13,732 [Worker-71] INFO  o.e.m.c.i.embedder.EclipseLogger - Copying 0 resource
2015-07-14 21:03:13,734 [Worker-71] WARN  o.e.m.c.i.embedder.EclipseLogger - Using platform encoding (UTF-8 actually) to copy filtered resources, i.e. build is platform dependent!
2015-07-14 21:03:13,734 [Worker-71] INFO  o.e.m.c.i.embedder.EclipseLogger - Copying 0 resource
2015-07-14 21:03:55,891 [Worker-71] INFO  o.e.m.c.i.l.LifecycleMappingFactory - Using org.eclipse.m2e.jdt.JarLifecycleMapping lifecycle mapping for MavenProject: com.maiastra:docker_upload:0.0.1-SNAPSHOT @ /Users/tschoots/BDS_development/Docker/hub_client/upload_ec_ws/docker_upload/pom.xml.
2015-07-14 21:03:57,019 [Worker-71] INFO  o.e.m.c.i.e.AbstractTransferListenerAdapter - Downloading https://repo.maven.apache.org/maven2/org/apache/httpcomponents/httpclient/4.5/httpclient-4.5.pom
2015-07-14 21:03:57,129 [Worker-71] INFO  o.e.m.c.i.e.AbstractTransferListenerAdapter - Downloaded https://repo.maven.apache.org/maven2/org/apache/httpcomponents/httpclient/4.5/httpclient-4.5.pom
2015-07-14 21:03:57,337 [Worker-71] INFO  o.e.m.c.i.e.AbstractTransferListenerAdapter - Downloading https://repo.maven.apache.org/maven2/org/apache/httpcomponents/httpcomponents-client/4.5/httpcomponents-client-4.5.pom
2015-07-14 21:03:57,434 [Worker-71] INFO  o.e.m.c.i.e.AbstractTransferListenerAdapter - Downloaded https://repo.maven.apache.org/maven2/org/apache/httpcomponents/httpcomponents-client/4.5/httpcomponents-client-4.5.pom
2015-07-14 21:03:57,652 [Worker-71] INFO  o.e.m.c.i.e.AbstractTransferListenerAdapter - Downloading https://repo.maven.apache.org/maven2/org/apache/httpcomponents/httpclient/4.5/httpclient-4.5.jar
2015-07-14 21:03:59,199 [Worker-71] INFO  o.e.m.c.i.e.AbstractTransferListenerAdapter - Downloaded https://repo.maven.apache.org/maven2/org/apache/httpcomponents/httpclient/4.5/httpclient-4.5.jar
2015-07-14 21:03:59,329 [Worker-71] WARN  o.e.m.c.i.embedder.EclipseLogger - Using platform encoding (UTF-8 actually) to copy filtered resources, i.e. build is platform dependent!
2015-07-14 21:03:59,330 [Worker-71] INFO  o.e.m.c.i.embedder.EclipseLogger - Copying 0 resource
2015-07-14 21:03:59,331 [Worker-71] WARN  o.e.m.c.i.embedder.EclipseLogger - Using platform encoding (UTF-8 actually) to copy filtered resources, i.e. build is platform dependent!
2015-07-14 21:03:59,332 [Worker-71] INFO  o.e.m.c.i.embedder.EclipseLogger - Copying 0 resource
2015-07-14 21:04:00,632 [Worker-70] WARN  o.e.m.c.i.embedder.EclipseLogger - Using platform encoding (UTF-8 actually) to copy filtered resources, i.e. build is platform dependent!
2015-07-14 21:04:00,633 [Worker-70] INFO  o.e.m.c.i.embedder.EclipseLogger - Copying 0 resource
2015-07-14 21:04:00,634 [Worker-70] WARN  o.e.m.c.i.embedder.EclipseLogger - Using platform encoding (UTF-8 actually) to copy filtered resources, i.e. build is platform dependent!
2015-07-14 21:04:00,634 [Worker-70] INFO  o.e.m.c.i.embedder.EclipseLogger - Copying 0 resource
2015-07-14 21:04:20,396 [Worker-57] WARN  o.e.m.c.i.embedder.EclipseLogger - Using platform encoding (UTF-8 actually) to copy filtered resources, i.e. build is platform dependent!
2015-07-14 21:04:20,397 [Worker-57] INFO  o.e.m.c.i.embedder.EclipseLogger - Copying 0 resource
2015-07-14 21:04:20,398 [Worker-57] WARN  o.e.m.c.i.embedder.EclipseLogger - Using platform encoding (UTF-8 actually) to copy filtered resources, i.e. build is platform dependent!
2015-07-14 21:04:20,398 [Worker-57] INFO  o.e.m.c.i.embedder.EclipseLogger - Copying 0 resource
2015-07-14 21:04:26,249 [Worker-73] WARN  o.e.m.c.i.embedder.EclipseLogger - Using platform encoding (UTF-8 actually) to copy filtered resources, i.e. build is platform dependent!
2015-07-14 21:04:26,250 [Worker-73] INFO  o.e.m.c.i.embedder.EclipseLogger - Copying 0 resource
2015-07-14 21:04:26,250 [Worker-73] WARN  o.e.m.c.i.embedder.EclipseLogger - Using platform encoding (UTF-8 actually) to copy filtered resources, i.e. build is platform dependent!
2015-07-14 21:04:26,250 [Worker-73] INFO  o.e.m.c.i.embedder.EclipseLogger - Copying 0 resource
2015-07-14 23:48:06,978 [Worker-95] WARN  o.e.m.c.i.embedder.EclipseLogger - Using platform encoding (UTF-8 actually) to copy filtered resources, i.e. build is platform dependent!
2015-07-14 23:48:06,979 [Worker-95] INFO  o.e.m.c.i.embedder.EclipseLogger - Copying 0 resource
2015-07-14 23:48:06,980 [Worker-95] WARN  o.e.m.c.i.embedder.EclipseLogger - Using platform encoding (UTF-8 actually) to copy filtered resources, i.e. build is platform dependent!
2015-07-14 23:48:06,980 [Worker-95] INFO  o.e.m.c.i.embedder.EclipseLogger - Copying 0 resource
2015-07-14 23:48:17,408 [Worker-97] WARN  o.e.m.c.i.embedder.EclipseLogger - Using platform encoding (UTF-8 actually) to copy filtered resources, i.e. build is platform dependent!
2015-07-14 23:48:17,409 [Worker-97] INFO  o.e.m.c.i.embedder.EclipseLogger - Copying 0 resource
2015-07-14 23:48:17,409 [Worker-97] WARN  o.e.m.c.i.embedder.EclipseLogger - Using platform encoding (UTF-8 actually) to copy filtered resources, i.e. build is platform dependent!
2015-07-14 23:48:17,410 [Worker-97] INFO  o.e.m.c.i.embedder.EclipseLogger - Copying 0 resource
2015-07-15 00:22:18,935 [Stop Help Server] INFO  o.e.jetty.server.ServerConnector - Stopped ServerConnector@64d97408{HTTP/1.1}{127.0.0.1:0}
2015-07-15 00:22:18,947 [Stop Help Server] INFO  o.e.j.server.handler.ContextHandler - Stopped o.e.j.s.ServletContextHandler@bce2a9e{/help,null,UNAVAILABLE}
2015-07-15 09:10:39,978 [Start Help Server] INFO  org.eclipse.jetty.util.log - Logging initialized @353466ms
2015-07-15 09:10:40,106 [Start Help Server] INFO  org.eclipse.jetty.server.Server - jetty-9.2.9.v20150224
2015-07-15 09:10:40,156 [Start Help Server] INFO  o.e.j.server.handler.ContextHandler - Started o.e.j.s.ServletContextHandler@2d10c590{/help,null,AVAILABLE}
2015-07-15 09:10:40,165 [Start Help Server] INFO  o.e.jetty.server.ServerConnector - Started ServerConnector@66b1a993{HTTP/1.1}{127.0.0.1:49524}
2015-07-15 09:10:40,166 [Start Help Server] INFO  org.eclipse.jetty.server.Server - Started @353658ms
2015-07-15 09:14:09,921 [Worker-19] WARN  o.e.m.c.i.embedder.EclipseLogger - Using platform encoding (UTF-8 actually) to copy filtered resources, i.e. build is platform dependent!
2015-07-15 09:14:09,927 [Worker-19] INFO  o.e.m.c.i.embedder.EclipseLogger - Copying 0 resource
2015-07-15 09:14:09,930 [Worker-19] WARN  o.e.m.c.i.embedder.EclipseLogger - Using platform encoding (UTF-8 actually) to copy filtered resources, i.e. build is platform dependent!
2015-07-15 09:14:09,930 [Worker-19] INFO  o.e.m.c.i.embedder.EclipseLogger - Copying 0 resource
2015-07-15 09:23:52,350 [Worker-30] WARN  o.e.m.c.i.embedder.EclipseLogger - Using platform encoding (UTF-8 actually) to copy filtered resources, i.e. build is platform dependent!
2015-07-15 09:23:52,357 [Worker-30] INFO  o.e.m.c.i.embedder.EclipseLogger - Copying 0 resource
2015-07-15 09:23:52,358 [Worker-30] WARN  o.e.m.c.i.embedder.EclipseLogger - Using platform encoding (UTF-8 actually) to copy filtered resources, i.e. build is platform dependent!
2015-07-15 09:23:52,358 [Worker-30] INFO  o.e.m.c.i.embedder.EclipseLogger - Copying 0 resource
2015-07-15 09:26:47,477 [Worker-31] WARN  o.e.m.c.i.embedder.EclipseLogger - Using platform encoding (UTF-8 actually) to copy filtered resources, i.e. build is platform dependent!
2015-07-15 09:26:47,478 [Worker-31] INFO  o.e.m.c.i.embedder.EclipseLogger - Copying 0 resource
2015-07-15 09:26:47,480 [Worker-31] WARN  o.e.m.c.i.embedder.EclipseLogger - Using platform encoding (UTF-8 actually) to copy filtered resources, i.e. build is platform dependent!
2015-07-15 09:26:47,480 [Worker-31] INFO  o.e.m.c.i.embedder.EclipseLogger - Copying 0 resource
2015-07-15 09:27:34,678 [Worker-34] WARN  o.e.m.c.i.embedder.EclipseLogger - Using platform encoding (UTF-8 actually) to copy filtered resources, i.e. build is platform dependent!
2015-07-15 09:27:34,679 [Worker-34] INFO  o.e.m.c.i.embedder.EclipseLogger - Copying 0 resource
2015-07-15 09:27:34,680 [Worker-34] WARN  o.e.m.c.i.embedder.EclipseLogger - Using platform encoding (UTF-8 actually) to copy filtered resources, i.e. build is platform dependent!
2015-07-15 09:27:34,680 [Worker-34] INFO  o.e.m.c.i.embedder.EclipseLogger - Copying 0 resource
2015-07-15 09:29:27,878 [Worker-34] WARN  o.e.m.c.i.embedder.EclipseLogger - Using platform encoding (UTF-8 actually) to copy filtered resources, i.e. build is platform dependent!
2015-07-15 09:29:27,879 [Worker-34] INFO  o.e.m.c.i.embedder.EclipseLogger - Copying 0 resource
2015-07-15 09:29:27,880 [Worker-34] WARN  o.e.m.c.i.embedder.EclipseLogger - Using platform encoding (UTF-8 actually) to copy filtered resources, i.e. build is platform dependent!
2015-07-15 09:29:27,880 [Worker-34] INFO  o.e.m.c.i.embedder.EclipseLogger - Copying 0 resource
2015-07-15 09:36:25,181 [Worker-41] WARN  o.e.m.c.i.embedder.EclipseLogger - Using platform encoding (UTF-8 actually) to copy filtered resources, i.e. build is platform dependent!
2015-07-15 09:36:25,182 [Worker-41] INFO  o.e.m.c.i.embedder.EclipseLogger - Copying 0 resource
2015-07-15 09:36:25,183 [Worker-41] WARN  o.e.m.c.i.embedder.EclipseLogger - Using platform encoding (UTF-8 actually) to copy filtered resources, i.e. build is platform dependent!
2015-07-15 09:36:25,183 [Worker-41] INFO  o.e.m.c.i.embedder.EclipseLogger - Copying 0 resource
2015-07-15 09:37:08,190 [Worker-41] WARN  o.e.m.c.i.embedder.EclipseLogger - Using platform encoding (UTF-8 actually) to copy filtered resources, i.e. build is platform dependent!
2015-07-15 09:37:08,190 [Worker-41] INFO  o.e.m.c.i.embedder.EclipseLogger - Copying 0 resource
2015-07-15 09:37:08,191 [Worker-41] WARN  o.e.m.c.i.embedder.EclipseLogger - Using platform encoding (UTF-8 actually) to copy filtered resources, i.e. build is platform dependent!
2015-07-15 09:37:08,192 [Worker-41] INFO  o.e.m.c.i.embedder.EclipseLogger - Copying 0 resource
2015-07-15 09:57:53,099 [Worker-51] WARN  o.e.m.c.i.embedder.EclipseLogger - Using platform encoding (UTF-8 actually) to copy filtered resources, i.e. build is platform dependent!
2015-07-15 09:57:53,100 [Worker-51] INFO  o.e.m.c.i.embedder.EclipseLogger - Copying 0 resource
2015-07-15 09:57:53,102 [Worker-51] WARN  o.e.m.c.i.embedder.EclipseLogger - Using platform encoding (UTF-8 actually) to copy filtered resources, i.e. build is platform dependent!
2015-07-15 09:57:53,102 [Worker-51] INFO  o.e.m.c.i.embedder.EclipseLogger - Copying 0 resource
2015-07-15 10:03:41,178 [Worker-58] WARN  o.e.m.c.i.embedder.EclipseLogger - Using platform encoding (UTF-8 actually) to copy filtered resources, i.e. build is platform dependent!
2015-07-15 10:03:41,178 [Worker-58] INFO  o.e.m.c.i.embedder.EclipseLogger - Copying 0 resource
2015-07-15 10:03:41,179 [Worker-58] WARN  o.e.m.c.i.embedder.EclipseLogger - Using platform encoding (UTF-8 actually) to copy filtered resources, i.e. build is platform dependent!
2015-07-15 10:03:41,180 [Worker-58] INFO  o.e.m.c.i.embedder.EclipseLogger - Copying 0 resource
2015-07-15 14:44:56,418 [Worker-148] WARN  o.e.m.c.i.embedder.EclipseLogger - Using platform encoding (UTF-8 actually) to copy filtered resources, i.e. build is platform dependent!
2015-07-15 14:44:56,419 [Worker-148] INFO  o.e.m.c.i.embedder.EclipseLogger - Copying 0 resource
2015-07-15 14:44:56,420 [Worker-148] WARN  o.e.m.c.i.embedder.EclipseLogger - Using platform encoding (UTF-8 actually) to copy filtered resources, i.e. build is platform dependent!
2015-07-15 14:44:56,421 [Worker-148] INFO  o.e.m.c.i.embedder.EclipseLogger - Copying 0 resource
2015-07-15 14:46:27,393 [Worker-153] WARN  o.e.m.c.i.embedder.EclipseLogger - Using platform encoding (UTF-8 actually) to copy filtered resources, i.e. build is platform dependent!
2015-07-15 14:46:27,394 [Worker-153] INFO  o.e.m.c.i.embedder.EclipseLogger - Copying 0 resource
2015-07-15 14:46:27,395 [Worker-153] WARN  o.e.m.c.i.embedder.EclipseLogger - Using platform encoding (UTF-8 actually) to copy filtered resources, i.e. build is platform dependent!
2015-07-15 14:46:27,395 [Worker-153] INFO  o.e.m.c.i.embedder.EclipseLogger - Copying 0 resource
2015-07-15 14:47:45,994 [Worker-148] WARN  o.e.m.c.i.embedder.EclipseLogger - Using platform encoding (UTF-8 actually) to copy filtered resources, i.e. build is platform dependent!
2015-07-15 14:47:45,994 [Worker-148] INFO  o.e.m.c.i.embedder.EclipseLogger - Copying 0 resource
2015-07-15 14:47:45,995 [Worker-148] WARN  o.e.m.c.i.embedder.EclipseLogger - Using platform encoding (UTF-8 actually) to copy filtered resources, i.e. build is platform dependent!
2015-07-15 14:47:45,995 [Worker-148] INFO  o.e.m.c.i.embedder.EclipseLogger - Copying 0 resource
2015-07-15 14:47:56,283 [Worker-151] WARN  o.e.m.c.i.embedder.EclipseLogger - Using platform encoding (UTF-8 actually) to copy filtered resources, i.e. build is platform dependent!
2015-07-15 14:47:56,284 [Worker-151] INFO  o.e.m.c.i.embedder.EclipseLogger - Copying 0 resource
2015-07-15 14:47:56,285 [Worker-151] WARN  o.e.m.c.i.embedder.EclipseLogger - Using platform encoding (UTF-8 actually) to copy filtered resources, i.e. build is platform dependent!
2015-07-15 14:47:56,285 [Worker-151] INFO  o.e.m.c.i.embedder.EclipseLogger - Copying 0 resource
2015-07-15 14:49:18,315 [Worker-149] WARN  o.e.m.c.i.embedder.EclipseLogger - Using platform encoding (UTF-8 actually) to copy filtered resources, i.e. build is platform dependent!
2015-07-15 14:49:18,316 [Worker-149] INFO  o.e.m.c.i.embedder.EclipseLogger - Copying 0 resource
2015-07-15 14:49:18,317 [Worker-149] WARN  o.e.m.c.i.embedder.EclipseLogger - Using platform encoding (UTF-8 actually) to copy filtered resources, i.e. build is platform dependent!
2015-07-15 14:49:18,317 [Worker-149] INFO  o.e.m.c.i.embedder.EclipseLogger - Copying 0 resource
2015-07-15 14:53:58,475 [Worker-152] WARN  o.e.m.c.i.embedder.EclipseLogger - Using platform encoding (UTF-8 actually) to copy filtered resources, i.e. build is platform dependent!
2015-07-15 14:53:58,476 [Worker-152] INFO  o.e.m.c.i.embedder.EclipseLogger - Copying 0 resource
2015-07-15 14:53:58,477 [Worker-152] WARN  o.e.m.c.i.embedder.EclipseLogger - Using platform encoding (UTF-8 actually) to copy filtered resources, i.e. build is platform dependent!
2015-07-15 14:53:58,477 [Worker-152] INFO  o.e.m.c.i.embedder.EclipseLogger - Copying 0 resource
2015-07-15 14:54:08,740 [Worker-151] WARN  o.e.m.c.i.embedder.EclipseLogger - Using platform encoding (UTF-8 actually) to copy filtered resources, i.e. build is platform dependent!
2015-07-15 14:54:08,741 [Worker-151] INFO  o.e.m.c.i.embedder.EclipseLogger - Copying 0 resource
2015-07-15 14:54:08,743 [Worker-151] WARN  o.e.m.c.i.embedder.EclipseLogger - Using platform encoding (UTF-8 actually) to copy filtered resources, i.e. build is platform dependent!
2015-07-15 14:54:08,743 [Worker-151] INFO  o.e.m.c.i.embedder.EclipseLogger - Copying 0 resource
2015-07-15 14:54:59,820 [Stop Help Server] INFO  o.e.jetty.server.ServerConnector - Stopped ServerConnector@66b1a993{HTTP/1.1}{127.0.0.1:0}
2015-07-15 14:54:59,830 [Stop Help Server] INFO  o.e.j.server.handler.ContextHandler - Stopped o.e.j.s.ServletContextHandler@2d10c590{/help,null,UNAVAILABLE}
2015-07-15 14:56:16,922 [Worker-16] WARN  o.e.m.c.i.embedder.EclipseLogger - Using platform encoding (UTF-8 actually) to copy filtered resources, i.e. build is platform dependent!
2015-07-15 14:56:16,947 [Worker-16] INFO  o.e.m.c.i.embedder.EclipseLogger - Copying 0 resource
2015-07-15 14:56:16,951 [Worker-16] WARN  o.e.m.c.i.embedder.EclipseLogger - Using platform encoding (UTF-8 actually) to copy filtered resources, i.e. build is platform dependent!
2015-07-15 14:56:16,952 [Worker-16] INFO  o.e.m.c.i.embedder.EclipseLogger - Copying 0 resource
2015-07-15 14:58:02,806 [Worker-12] WARN  o.e.m.c.i.embedder.EclipseLogger - Using platform encoding (UTF-8 actually) to copy filtered resources, i.e. build is platform dependent!
2015-07-15 14:58:02,812 [Worker-12] INFO  o.e.m.c.i.embedder.EclipseLogger - Copying 0 resource
2015-07-15 14:58:02,813 [Worker-12] WARN  o.e.m.c.i.embedder.EclipseLogger - Using platform encoding (UTF-8 actually) to copy filtered resources, i.e. build is platform dependent!
2015-07-15 14:58:02,814 [Worker-12] INFO  o.e.m.c.i.embedder.EclipseLogger - Copying 0 resource
2015-07-15 14:58:24,382 [Worker-11] WARN  o.e.m.c.i.embedder.EclipseLogger - Using platform encoding (UTF-8 actually) to copy filtered resources, i.e. build is platform dependent!
2015-07-15 14:58:24,383 [Worker-11] INFO  o.e.m.c.i.embedder.EclipseLogger - Copying 0 resource
2015-07-15 14:58:24,385 [Worker-11] WARN  o.e.m.c.i.embedder.EclipseLogger - Using platform encoding (UTF-8 actually) to copy filtered resources, i.e. build is platform dependent!
2015-07-15 14:58:24,385 [Worker-11] INFO  o.e.m.c.i.embedder.EclipseLogger - Copying 0 resource
2015-07-15 15:00:43,115 [Start Help Server] INFO  org.eclipse.jetty.util.log - Logging initialized @283973ms
2015-07-15 15:00:43,229 [Start Help Server] INFO  org.eclipse.jetty.server.Server - jetty-9.2.9.v20150224
2015-07-15 15:00:43,276 [Start Help Server] INFO  o.e.j.server.handler.ContextHandler - Started o.e.j.s.ServletContextHandler@7f0fc553{/help,null,AVAILABLE}
2015-07-15 15:00:43,286 [Start Help Server] INFO  o.e.jetty.server.ServerConnector - Started ServerConnector@468439cb{HTTP/1.1}{127.0.0.1:52158}
2015-07-15 15:00:43,286 [Start Help Server] INFO  org.eclipse.jetty.server.Server - Started @284145ms
2015-07-15 15:06:46,888 [Worker-5] WARN  o.e.m.c.i.embedder.EclipseLogger - Using platform encoding (UTF-8 actually) to copy filtered resources, i.e. build is platform dependent!
2015-07-15 15:06:46,888 [Worker-5] INFO  o.e.m.c.i.embedder.EclipseLogger - Copying 0 resource
2015-07-15 15:06:46,889 [Worker-5] WARN  o.e.m.c.i.embedder.EclipseLogger - Using platform encoding (UTF-8 actually) to copy filtered resources, i.e. build is platform dependent!
2015-07-15 15:06:46,890 [Worker-5] INFO  o.e.m.c.i.embedder.EclipseLogger - Copying 0 resource
2015-07-15 15:26:09,949 [Worker-25] WARN  o.e.m.c.i.embedder.EclipseLogger - Using platform encoding (UTF-8 actually) to copy filtered resources, i.e. build is platform dependent!
2015-07-15 15:26:09,950 [Worker-25] INFO  o.e.m.c.i.embedder.EclipseLogger - Copying 0 resource
2015-07-15 15:26:09,952 [Worker-25] WARN  o.e.m.c.i.embedder.EclipseLogger - Using platform encoding (UTF-8 actually) to copy filtered resources, i.e. build is platform dependent!
2015-07-15 15:26:09,952 [Worker-25] INFO  o.e.m.c.i.embedder.EclipseLogger - Copying 0 resource
2015-07-15 15:26:25,018 [Worker-8] WARN  o.e.m.c.i.embedder.EclipseLogger - Using platform encoding (UTF-8 actually) to copy filtered resources, i.e. build is platform dependent!
2015-07-15 15:26:25,019 [Worker-8] INFO  o.e.m.c.i.embedder.EclipseLogger - Copying 0 resource
2015-07-15 15:26:25,020 [Worker-8] WARN  o.e.m.c.i.embedder.EclipseLogger - Using platform encoding (UTF-8 actually) to copy filtered resources, i.e. build is platform dependent!
2015-07-15 15:26:25,020 [Worker-8] INFO  o.e.m.c.i.embedder.EclipseLogger - Copying 0 resource
2015-07-15 15:26:55,658 [Worker-27] WARN  o.e.m.c.i.embedder.EclipseLogger - Using platform encoding (UTF-8 actually) to copy filtered resources, i.e. build is platform dependent!
2015-07-15 15:26:55,659 [Worker-27] INFO  o.e.m.c.i.embedder.EclipseLogger - Copying 0 resource
2015-07-15 15:26:55,660 [Worker-27] WARN  o.e.m.c.i.embedder.EclipseLogger - Using platform encoding (UTF-8 actually) to copy filtered resources, i.e. build is platform dependent!
2015-07-15 15:26:55,660 [Worker-27] INFO  o.e.m.c.i.embedder.EclipseLogger - Copying 0 resource
2015-07-15 15:27:19,161 [Worker-25] WARN  o.e.m.c.i.embedder.EclipseLogger - Using platform encoding (UTF-8 actually) to copy filtered resources, i.e. build is platform dependent!
2015-07-15 15:27:19,161 [Worker-25] INFO  o.e.m.c.i.embedder.EclipseLogger - Copying 0 resource
2015-07-15 15:27:19,163 [Worker-25] WARN  o.e.m.c.i.embedder.EclipseLogger - Using platform encoding (UTF-8 actually) to copy filtered resources, i.e. build is platform dependent!
2015-07-15 15:27:19,163 [Worker-25] INFO  o.e.m.c.i.embedder.EclipseLogger - Copying 0 resource
2015-07-15 15:27:59,615 [Worker-27] WARN  o.e.m.c.i.embedder.EclipseLogger - Using platform encoding (UTF-8 actually) to copy filtered resources, i.e. build is platform dependent!
2015-07-15 15:27:59,616 [Worker-27] INFO  o.e.m.c.i.embedder.EclipseLogger - Copying 0 resource
2015-07-15 15:27:59,616 [Worker-27] WARN  o.e.m.c.i.embedder.EclipseLogger - Using platform encoding (UTF-8 actually) to copy filtered resources, i.e. build is platform dependent!
2015-07-15 15:27:59,617 [Worker-27] INFO  o.e.m.c.i.embedder.EclipseLogger - Copying 0 resource
2015-07-15 15:28:16,254 [Worker-28] WARN  o.e.m.c.i.embedder.EclipseLogger - Using platform encoding (UTF-8 actually) to copy filtered resources, i.e. build is platform dependent!
2015-07-15 15:28:16,255 [Worker-28] INFO  o.e.m.c.i.embedder.EclipseLogger - Copying 0 resource
2015-07-15 15:28:16,255 [Worker-28] WARN  o.e.m.c.i.embedder.EclipseLogger - Using platform encoding (UTF-8 actually) to copy filtered resources, i.e. build is platform dependent!
2015-07-15 15:28:16,256 [Worker-28] INFO  o.e.m.c.i.embedder.EclipseLogger - Copying 0 resource
2015-07-15 15:28:46,432 [Worker-26] WARN  o.e.m.c.i.embedder.EclipseLogger - Using platform encoding (UTF-8 actually) to copy filtered resources, i.e. build is platform dependent!
2015-07-15 15:28:46,432 [Worker-26] INFO  o.e.m.c.i.embedder.EclipseLogger - Copying 0 resource
2015-07-15 15:28:46,433 [Worker-26] WARN  o.e.m.c.i.embedder.EclipseLogger - Using platform encoding (UTF-8 actually) to copy filtered resources, i.e. build is platform dependent!
2015-07-15 15:28:46,433 [Worker-26] INFO  o.e.m.c.i.embedder.EclipseLogger - Copying 0 resource
2015-07-15 15:30:18,196 [Worker-27] WARN  o.e.m.c.i.embedder.EclipseLogger - Using platform encoding (UTF-8 actually) to copy filtered resources, i.e. build is platform dependent!
2015-07-15 15:30:18,197 [Worker-27] INFO  o.e.m.c.i.embedder.EclipseLogger - Copying 0 resource
2015-07-15 15:30:18,199 [Worker-27] WARN  o.e.m.c.i.embedder.EclipseLogger - Using platform encoding (UTF-8 actually) to copy filtered resources, i.e. build is platform dependent!
2015-07-15 15:30:18,199 [Worker-27] INFO  o.e.m.c.i.embedder.EclipseLogger - Copying 0 resource
2015-07-15 15:34:23,549 [Worker-25] WARN  o.e.m.c.i.embedder.EclipseLogger - Using platform encoding (UTF-8 actually) to copy filtered resources, i.e. build is platform dependent!
2015-07-15 15:34:23,550 [Worker-25] INFO  o.e.m.c.i.embedder.EclipseLogger - Copying 0 resource
2015-07-15 15:34:23,551 [Worker-25] WARN  o.e.m.c.i.embedder.EclipseLogger - Using platform encoding (UTF-8 actually) to copy filtered resources, i.e. build is platform dependent!
2015-07-15 15:34:23,551 [Worker-25] INFO  o.e.m.c.i.embedder.EclipseLogger - Copying 0 resource
2015-07-15 15:36:36,923 [Worker-27] WARN  o.e.m.c.i.embedder.EclipseLogger - Using platform encoding (UTF-8 actually) to copy filtered resources, i.e. build is platform dependent!
2015-07-15 15:36:36,923 [Worker-27] INFO  o.e.m.c.i.embedder.EclipseLogger - Copying 0 resource
2015-07-15 15:36:36,925 [Worker-27] WARN  o.e.m.c.i.embedder.EclipseLogger - Using platform encoding (UTF-8 actually) to copy filtered resources, i.e. build is platform dependent!
2015-07-15 15:36:36,925 [Worker-27] INFO  o.e.m.c.i.embedder.EclipseLogger - Copying 0 resource
2015-07-15 19:31:10,474 [Stop Help Server] INFO  o.e.jetty.server.ServerConnector - Stopped ServerConnector@468439cb{HTTP/1.1}{127.0.0.1:0}
2015-07-15 19:31:10,488 [Stop Help Server] INFO  o.e.j.server.handler.ContextHandler - Stopped o.e.j.s.ServletContextHandler@7f0fc553{/help,null,UNAVAILABLE}
2015-07-16 12:40:36,359 [Worker-17] WARN  o.e.m.c.i.embedder.EclipseLogger - Using platform encoding (UTF-8 actually) to copy filtered resources, i.e. build is platform dependent!
2015-07-16 12:40:36,379 [Worker-17] INFO  o.e.m.c.i.embedder.EclipseLogger - Copying 0 resource
2015-07-16 12:40:36,382 [Worker-17] WARN  o.e.m.c.i.embedder.EclipseLogger - Using platform encoding (UTF-8 actually) to copy filtered resources, i.e. build is platform dependent!
2015-07-16 12:40:36,383 [Worker-17] INFO  o.e.m.c.i.embedder.EclipseLogger - Copying 0 resource
2015-07-16 12:43:25,396 [Worker-3] WARN  o.e.m.c.i.embedder.EclipseLogger - Using platform encoding (UTF-8 actually) to copy filtered resources, i.e. build is platform dependent!
2015-07-16 12:43:25,402 [Worker-3] INFO  o.e.m.c.i.embedder.EclipseLogger - Copying 0 resource
2015-07-16 12:43:25,404 [Worker-3] WARN  o.e.m.c.i.embedder.EclipseLogger - Using platform encoding (UTF-8 actually) to copy filtered resources, i.e. build is platform dependent!
2015-07-16 12:43:25,405 [Worker-3] INFO  o.e.m.c.i.embedder.EclipseLogger - Copying 0 resource
2015-07-16 12:45:40,638 [Worker-12] WARN  o.e.m.c.i.embedder.EclipseLogger - Using platform encoding (UTF-8 actually) to copy filtered resources, i.e. build is platform dependent!
2015-07-16 12:45:40,638 [Worker-12] INFO  o.e.m.c.i.embedder.EclipseLogger - Copying 0 resource
2015-07-16 12:45:40,640 [Worker-12] WARN  o.e.m.c.i.embedder.EclipseLogger - Using platform encoding (UTF-8 actually) to copy filtered resources, i.e. build is platform dependent!
2015-07-16 12:45:40,640 [Worker-12] INFO  o.e.m.c.i.embedder.EclipseLogger - Copying 0 resource
2015-07-16 12:52:16,894 [Worker-5] WARN  o.e.m.c.i.embedder.EclipseLogger - Using platform encoding (UTF-8 actually) to copy filtered resources, i.e. build is platform dependent!
2015-07-16 12:52:16,895 [Worker-5] INFO  o.e.m.c.i.embedder.EclipseLogger - Copying 0 resource
2015-07-16 12:52:16,897 [Worker-5] WARN  o.e.m.c.i.embedder.EclipseLogger - Using platform encoding (UTF-8 actually) to copy filtered resources, i.e. build is platform dependent!
2015-07-16 12:52:16,897 [Worker-5] INFO  o.e.m.c.i.embedder.EclipseLogger - Copying 0 resource
2015-07-16 12:53:14,927 [Worker-4] WARN  o.e.m.c.i.embedder.EclipseLogger - Using platform encoding (UTF-8 actually) to copy filtered resources, i.e. build is platform dependent!
2015-07-16 12:53:14,927 [Worker-4] INFO  o.e.m.c.i.embedder.EclipseLogger - Copying 0 resource
2015-07-16 12:53:14,928 [Worker-4] WARN  o.e.m.c.i.embedder.EclipseLogger - Using platform encoding (UTF-8 actually) to copy filtered resources, i.e. build is platform dependent!
2015-07-16 12:53:14,929 [Worker-4] INFO  o.e.m.c.i.embedder.EclipseLogger - Copying 0 resource
2015-07-16 12:57:01,527 [Start Help Server] INFO  org.eclipse.jetty.util.log - Logging initialized @1010592ms
2015-07-16 12:57:01,665 [Start Help Server] INFO  org.eclipse.jetty.server.Server - jetty-9.2.9.v20150224
2015-07-16 12:57:01,719 [Start Help Server] INFO  o.e.j.server.handler.ContextHandler - Started o.e.j.s.ServletContextHandler@7100ffce{/help,null,AVAILABLE}
2015-07-16 12:57:01,727 [Start Help Server] INFO  o.e.jetty.server.ServerConnector - Started ServerConnector@5be9e657{HTTP/1.1}{127.0.0.1:51787}
2015-07-16 12:57:01,727 [Start Help Server] INFO  org.eclipse.jetty.server.Server - Started @1010792ms
2015-07-16 13:02:32,810 [Worker-0] WARN  o.e.m.c.i.embedder.EclipseLogger - Using platform encoding (UTF-8 actually) to copy filtered resources, i.e. build is platform dependent!
2015-07-16 13:02:32,810 [Worker-0] INFO  o.e.m.c.i.embedder.EclipseLogger - Copying 0 resource
2015-07-16 13:02:32,811 [Worker-0] WARN  o.e.m.c.i.embedder.EclipseLogger - Using platform encoding (UTF-8 actually) to copy filtered resources, i.e. build is platform dependent!
2015-07-16 13:02:32,812 [Worker-0] INFO  o.e.m.c.i.embedder.EclipseLogger - Copying 0 resource
2015-07-16 13:03:11,552 [Worker-18] WARN  o.e.m.c.i.embedder.EclipseLogger - Using platform encoding (UTF-8 actually) to copy filtered resources, i.e. build is platform dependent!
2015-07-16 13:03:11,553 [Worker-18] INFO  o.e.m.c.i.embedder.EclipseLogger - Copying 0 resource
2015-07-16 13:03:11,554 [Worker-18] WARN  o.e.m.c.i.embedder.EclipseLogger - Using platform encoding (UTF-8 actually) to copy filtered resources, i.e. build is platform dependent!
2015-07-16 13:03:11,554 [Worker-18] INFO  o.e.m.c.i.embedder.EclipseLogger - Copying 0 resource
2015-07-16 13:04:30,087 [Worker-0] WARN  o.e.m.c.i.embedder.EclipseLogger - Using platform encoding (UTF-8 actually) to copy filtered resources, i.e. build is platform dependent!
2015-07-16 13:04:30,088 [Worker-0] INFO  o.e.m.c.i.embedder.EclipseLogger - Copying 0 resource
2015-07-16 13:04:30,090 [Worker-0] WARN  o.e.m.c.i.embedder.EclipseLogger - Using platform encoding (UTF-8 actually) to copy filtered resources, i.e. build is platform dependent!
2015-07-16 13:04:30,090 [Worker-0] INFO  o.e.m.c.i.embedder.EclipseLogger - Copying 0 resource
2015-07-16 13:16:56,715 [Worker-0] WARN  o.e.m.c.i.embedder.EclipseLogger - Using platform encoding (UTF-8 actually) to copy filtered resources, i.e. build is platform dependent!
2015-07-16 13:16:56,716 [Worker-0] INFO  o.e.m.c.i.embedder.EclipseLogger - Copying 0 resource
2015-07-16 13:16:56,716 [Worker-0] WARN  o.e.m.c.i.embedder.EclipseLogger - Using platform encoding (UTF-8 actually) to copy filtered resources, i.e. build is platform dependent!
2015-07-16 13:16:56,717 [Worker-0] INFO  o.e.m.c.i.embedder.EclipseLogger - Copying 0 resource
2015-07-16 13:17:25,558 [Worker-22] WARN  o.e.m.c.i.embedder.EclipseLogger - Using platform encoding (UTF-8 actually) to copy filtered resources, i.e. build is platform dependent!
2015-07-16 13:17:25,559 [Worker-22] INFO  o.e.m.c.i.embedder.EclipseLogger - Copying 0 resource
2015-07-16 13:17:25,560 [Worker-22] WARN  o.e.m.c.i.embedder.EclipseLogger - Using platform encoding (UTF-8 actually) to copy filtered resources, i.e. build is platform dependent!
2015-07-16 13:17:25,560 [Worker-22] INFO  o.e.m.c.i.embedder.EclipseLogger - Copying 0 resource
2015-07-16 13:17:31,917 [Worker-3] WARN  o.e.m.c.i.embedder.EclipseLogger - Using platform encoding (UTF-8 actually) to copy filtered resources, i.e. build is platform dependent!
2015-07-16 13:17:31,917 [Worker-3] INFO  o.e.m.c.i.embedder.EclipseLogger - Copying 0 resource
2015-07-16 13:17:31,918 [Worker-3] WARN  o.e.m.c.i.embedder.EclipseLogger - Using platform encoding (UTF-8 actually) to copy filtered resources, i.e. build is platform dependent!
2015-07-16 13:17:31,919 [Worker-3] INFO  o.e.m.c.i.embedder.EclipseLogger - Copying 0 resource
2015-07-16 13:17:41,311 [Worker-19] WARN  o.e.m.c.i.embedder.EclipseLogger - Using platform encoding (UTF-8 actually) to copy filtered resources, i.e. build is platform dependent!
2015-07-16 13:17:41,312 [Worker-19] INFO  o.e.m.c.i.embedder.EclipseLogger - Copying 0 resource
2015-07-16 13:17:41,313 [Worker-19] WARN  o.e.m.c.i.embedder.EclipseLogger - Using platform encoding (UTF-8 actually) to copy filtered resources, i.e. build is platform dependent!
2015-07-16 13:17:41,313 [Worker-19] INFO  o.e.m.c.i.embedder.EclipseLogger - Copying 0 resource
2015-07-16 13:19:16,547 [Worker-19] WARN  o.e.m.c.i.embedder.EclipseLogger - Using platform encoding (UTF-8 actually) to copy filtered resources, i.e. build is platform dependent!
2015-07-16 13:19:16,547 [Worker-19] INFO  o.e.m.c.i.embedder.EclipseLogger - Copying 0 resource
2015-07-16 13:19:16,548 [Worker-19] WARN  o.e.m.c.i.embedder.EclipseLogger - Using platform encoding (UTF-8 actually) to copy filtered resources, i.e. build is platform dependent!
2015-07-16 13:19:16,548 [Worker-19] INFO  o.e.m.c.i.embedder.EclipseLogger - Copying 0 resource
2015-07-16 13:19:49,365 [Worker-21] WARN  o.e.m.c.i.embedder.EclipseLogger - Using platform encoding (UTF-8 actually) to copy filtered resources, i.e. build is platform dependent!
2015-07-16 13:19:49,365 [Worker-21] INFO  o.e.m.c.i.embedder.EclipseLogger - Copying 0 resource
2015-07-16 13:19:49,366 [Worker-21] WARN  o.e.m.c.i.embedder.EclipseLogger - Using platform encoding (UTF-8 actually) to copy filtered resources, i.e. build is platform dependent!
2015-07-16 13:19:49,367 [Worker-21] INFO  o.e.m.c.i.embedder.EclipseLogger - Copying 0 resource
2015-07-16 13:20:33,917 [Worker-3] WARN  o.e.m.c.i.embedder.EclipseLogger - Using platform encoding (UTF-8 actually) to copy filtered resources, i.e. build is platform dependent!
2015-07-16 13:20:33,918 [Worker-3] INFO  o.e.m.c.i.embedder.EclipseLogger - Copying 0 resource
2015-07-16 13:20:33,919 [Worker-3] WARN  o.e.m.c.i.embedder.EclipseLogger - Using platform encoding (UTF-8 actually) to copy filtered resources, i.e. build is platform dependent!
2015-07-16 13:20:33,919 [Worker-3] INFO  o.e.m.c.i.embedder.EclipseLogger - Copying 0 resource
2015-07-16 13:21:42,176 [Worker-25] WARN  o.e.m.c.i.embedder.EclipseLogger - Using platform encoding (UTF-8 actually) to copy filtered resources, i.e. build is platform dependent!
2015-07-16 13:21:42,177 [Worker-25] INFO  o.e.m.c.i.embedder.EclipseLogger - Copying 0 resource
2015-07-16 13:21:42,179 [Worker-25] WARN  o.e.m.c.i.embedder.EclipseLogger - Using platform encoding (UTF-8 actually) to copy filtered resources, i.e. build is platform dependent!
2015-07-16 13:21:42,179 [Worker-25] INFO  o.e.m.c.i.embedder.EclipseLogger - Copying 0 resource
2015-07-16 13:25:36,095 [Worker-22] WARN  o.e.m.c.i.embedder.EclipseLogger - Using platform encoding (UTF-8 actually) to copy filtered resources, i.e. build is platform dependent!
2015-07-16 13:25:36,095 [Worker-22] INFO  o.e.m.c.i.embedder.EclipseLogger - Copying 0 resource
2015-07-16 13:25:36,096 [Worker-22] WARN  o.e.m.c.i.embedder.EclipseLogger - Using platform encoding (UTF-8 actually) to copy filtered resources, i.e. build is platform dependent!
2015-07-16 13:25:36,097 [Worker-22] INFO  o.e.m.c.i.embedder.EclipseLogger - Copying 0 resource
2015-07-16 13:25:50,265 [Worker-0] WARN  o.e.m.c.i.embedder.EclipseLogger - Using platform encoding (UTF-8 actually) to copy filtered resources, i.e. build is platform dependent!
2015-07-16 13:25:50,265 [Worker-0] INFO  o.e.m.c.i.embedder.EclipseLogger - Copying 0 resource
2015-07-16 13:25:50,266 [Worker-0] WARN  o.e.m.c.i.embedder.EclipseLogger - Using platform encoding (UTF-8 actually) to copy filtered resources, i.e. build is platform dependent!
2015-07-16 13:25:50,266 [Worker-0] INFO  o.e.m.c.i.embedder.EclipseLogger - Copying 0 resource
2015-07-16 13:26:14,758 [Worker-19] WARN  o.e.m.c.i.embedder.EclipseLogger - Using platform encoding (UTF-8 actually) to copy filtered resources, i.e. build is platform dependent!
2015-07-16 13:26:14,758 [Worker-19] INFO  o.e.m.c.i.embedder.EclipseLogger - Copying 0 resource
2015-07-16 13:26:14,759 [Worker-19] WARN  o.e.m.c.i.embedder.EclipseLogger - Using platform encoding (UTF-8 actually) to copy filtered resources, i.e. build is platform dependent!
2015-07-16 13:26:14,759 [Worker-19] INFO  o.e.m.c.i.embedder.EclipseLogger - Copying 0 resource
2015-07-16 13:26:39,831 [Worker-21] WARN  o.e.m.c.i.embedder.EclipseLogger - Using platform encoding (UTF-8 actually) to copy filtered resources, i.e. build is platform dependent!
2015-07-16 13:26:39,831 [Worker-21] INFO  o.e.m.c.i.embedder.EclipseLogger - Copying 0 resource
2015-07-16 13:26:39,832 [Worker-21] WARN  o.e.m.c.i.embedder.EclipseLogger - Using platform encoding (UTF-8 actually) to copy filtered resources, i.e. build is platform dependent!
2015-07-16 13:26:39,832 [Worker-21] INFO  o.e.m.c.i.embedder.EclipseLogger - Copying 0 resource
2015-07-16 13:26:54,457 [Worker-21] WARN  o.e.m.c.i.embedder.EclipseLogger - Using platform encoding (UTF-8 actually) to copy filtered resources, i.e. build is platform dependent!
2015-07-16 13:26:54,457 [Worker-21] INFO  o.e.m.c.i.embedder.EclipseLogger - Copying 0 resource
2015-07-16 13:26:54,458 [Worker-21] WARN  o.e.m.c.i.embedder.EclipseLogger - Using platform encoding (UTF-8 actually) to copy filtered resources, i.e. build is platform dependent!
2015-07-16 13:26:54,458 [Worker-21] INFO  o.e.m.c.i.embedder.EclipseLogger - Copying 0 resource
2015-07-16 13:27:09,822 [Worker-0] WARN  o.e.m.c.i.embedder.EclipseLogger - Using platform encoding (UTF-8 actually) to copy filtered resources, i.e. build is platform dependent!
2015-07-16 13:27:09,822 [Worker-0] INFO  o.e.m.c.i.embedder.EclipseLogger - Copying 0 resource
2015-07-16 13:27:09,823 [Worker-0] WARN  o.e.m.c.i.embedder.EclipseLogger - Using platform encoding (UTF-8 actually) to copy filtered resources, i.e. build is platform dependent!
2015-07-16 13:27:09,823 [Worker-0] INFO  o.e.m.c.i.embedder.EclipseLogger - Copying 0 resource
2015-07-16 13:29:51,525 [Worker-26] WARN  o.e.m.c.i.embedder.EclipseLogger - Using platform encoding (UTF-8 actually) to copy filtered resources, i.e. build is platform dependent!
2015-07-16 13:29:51,525 [Worker-26] INFO  o.e.m.c.i.embedder.EclipseLogger - Copying 0 resource
2015-07-16 13:29:51,526 [Worker-26] WARN  o.e.m.c.i.embedder.EclipseLogger - Using platform encoding (UTF-8 actually) to copy filtered resources, i.e. build is platform dependent!
2015-07-16 13:29:51,527 [Worker-26] INFO  o.e.m.c.i.embedder.EclipseLogger - Copying 0 resource
2015-07-16 13:29:58,027 [Worker-21] WARN  o.e.m.c.i.embedder.EclipseLogger - Using platform encoding (UTF-8 actually) to copy filtered resources, i.e. build is platform dependent!
2015-07-16 13:29:58,028 [Worker-21] INFO  o.e.m.c.i.embedder.EclipseLogger - Copying 0 resource
2015-07-16 13:29:58,028 [Worker-21] WARN  o.e.m.c.i.embedder.EclipseLogger - Using platform encoding (UTF-8 actually) to copy filtered resources, i.e. build is platform dependent!
2015-07-16 13:29:58,029 [Worker-21] INFO  o.e.m.c.i.embedder.EclipseLogger - Copying 0 resource
2015-07-16 13:30:07,553 [Worker-28] WARN  o.e.m.c.i.embedder.EclipseLogger - Using platform encoding (UTF-8 actually) to copy filtered resources, i.e. build is platform dependent!
2015-07-16 13:30:07,553 [Worker-28] INFO  o.e.m.c.i.embedder.EclipseLogger - Copying 0 resource
2015-07-16 13:30:07,554 [Worker-28] WARN  o.e.m.c.i.embedder.EclipseLogger - Using platform encoding (UTF-8 actually) to copy filtered resources, i.e. build is platform dependent!
2015-07-16 13:30:07,555 [Worker-28] INFO  o.e.m.c.i.embedder.EclipseLogger - Copying 0 resource
2015-07-16 13:30:33,585 [Worker-24] WARN  o.e.m.c.i.embedder.EclipseLogger - Using platform encoding (UTF-8 actually) to copy filtered resources, i.e. build is platform dependent!
2015-07-16 13:30:33,585 [Worker-24] INFO  o.e.m.c.i.embedder.EclipseLogger - Copying 0 resource
2015-07-16 13:30:33,586 [Worker-24] WARN  o.e.m.c.i.embedder.EclipseLogger - Using platform encoding (UTF-8 actually) to copy filtered resources, i.e. build is platform dependent!
2015-07-16 13:30:33,586 [Worker-24] INFO  o.e.m.c.i.embedder.EclipseLogger - Copying 0 resource
2015-07-16 13:31:27,852 [Worker-28] WARN  o.e.m.c.i.embedder.EclipseLogger - Using platform encoding (UTF-8 actually) to copy filtered resources, i.e. build is platform dependent!
2015-07-16 13:31:27,853 [Worker-28] INFO  o.e.m.c.i.embedder.EclipseLogger - Copying 0 resource
2015-07-16 13:31:27,853 [Worker-28] WARN  o.e.m.c.i.embedder.EclipseLogger - Using platform encoding (UTF-8 actually) to copy filtered resources, i.e. build is platform dependent!
2015-07-16 13:31:27,853 [Worker-28] INFO  o.e.m.c.i.embedder.EclipseLogger - Copying 0 resource
2015-07-16 13:31:38,636 [Worker-28] WARN  o.e.m.c.i.embedder.EclipseLogger - Using platform encoding (UTF-8 actually) to copy filtered resources, i.e. build is platform dependent!
2015-07-16 13:31:38,637 [Worker-28] INFO  o.e.m.c.i.embedder.EclipseLogger - Copying 0 resource
2015-07-16 13:31:38,637 [Worker-28] WARN  o.e.m.c.i.embedder.EclipseLogger - Using platform encoding (UTF-8 actually) to copy filtered resources, i.e. build is platform dependent!
2015-07-16 13:31:38,638 [Worker-28] INFO  o.e.m.c.i.embedder.EclipseLogger - Copying 0 resource
2015-07-16 13:32:17,437 [Worker-24] WARN  o.e.m.c.i.embedder.EclipseLogger - Using platform encoding (UTF-8 actually) to copy filtered resources, i.e. build is platform dependent!
2015-07-16 13:32:17,438 [Worker-24] INFO  o.e.m.c.i.embedder.EclipseLogger - Copying 0 resource
2015-07-16 13:32:17,438 [Worker-24] WARN  o.e.m.c.i.embedder.EclipseLogger - Using platform encoding (UTF-8 actually) to copy filtered resources, i.e. build is platform dependent!
2015-07-16 13:32:17,439 [Worker-24] INFO  o.e.m.c.i.embedder.EclipseLogger - Copying 0 resource
2015-07-16 13:32:31,757 [Worker-24] WARN  o.e.m.c.i.embedder.EclipseLogger - Using platform encoding (UTF-8 actually) to copy filtered resources, i.e. build is platform dependent!
2015-07-16 13:32:31,758 [Worker-24] INFO  o.e.m.c.i.embedder.EclipseLogger - Copying 0 resource
2015-07-16 13:32:31,759 [Worker-24] WARN  o.e.m.c.i.embedder.EclipseLogger - Using platform encoding (UTF-8 actually) to copy filtered resources, i.e. build is platform dependent!
2015-07-16 13:32:31,759 [Worker-24] INFO  o.e.m.c.i.embedder.EclipseLogger - Copying 0 resource
2015-07-16 13:33:43,359 [Worker-28] WARN  o.e.m.c.i.embedder.EclipseLogger - Using platform encoding (UTF-8 actually) to copy filtered resources, i.e. build is platform dependent!
2015-07-16 13:33:43,360 [Worker-28] INFO  o.e.m.c.i.embedder.EclipseLogger - Copying 0 resource
2015-07-16 13:33:43,361 [Worker-28] WARN  o.e.m.c.i.embedder.EclipseLogger - Using platform encoding (UTF-8 actually) to copy filtered resources, i.e. build is platform dependent!
2015-07-16 13:33:43,361 [Worker-28] INFO  o.e.m.c.i.embedder.EclipseLogger - Copying 0 resource
2015-07-16 13:34:49,433 [Worker-28] WARN  o.e.m.c.i.embedder.EclipseLogger - Using platform encoding (UTF-8 actually) to copy filtered resources, i.e. build is platform dependent!
2015-07-16 13:34:49,433 [Worker-28] INFO  o.e.m.c.i.embedder.EclipseLogger - Copying 0 resource
2015-07-16 13:34:49,434 [Worker-28] WARN  o.e.m.c.i.embedder.EclipseLogger - Using platform encoding (UTF-8 actually) to copy filtered resources, i.e. build is platform dependent!
2015-07-16 13:34:49,435 [Worker-28] INFO  o.e.m.c.i.embedder.EclipseLogger - Copying 0 resource
2015-07-16 14:34:22,565 [Worker-46] WARN  o.e.m.c.i.embedder.EclipseLogger - Using platform encoding (UTF-8 actually) to copy filtered resources, i.e. build is platform dependent!
2015-07-16 14:34:22,566 [Worker-46] INFO  o.e.m.c.i.embedder.EclipseLogger - Copying 0 resource
2015-07-16 14:34:22,566 [Worker-46] WARN  o.e.m.c.i.embedder.EclipseLogger - Using platform encoding (UTF-8 actually) to copy filtered resources, i.e. build is platform dependent!
2015-07-16 14:34:22,566 [Worker-46] INFO  o.e.m.c.i.embedder.EclipseLogger - Copying 0 resource
2015-07-16 14:37:39,664 [Worker-51] WARN  o.e.m.c.i.embedder.EclipseLogger - Using platform encoding (UTF-8 actually) to copy filtered resources, i.e. build is platform dependent!
2015-07-16 14:37:39,664 [Worker-51] INFO  o.e.m.c.i.embedder.EclipseLogger - Copying 0 resource
2015-07-16 14:37:39,665 [Worker-51] WARN  o.e.m.c.i.embedder.EclipseLogger - Using platform encoding (UTF-8 actually) to copy filtered resources, i.e. build is platform dependent!
2015-07-16 14:37:39,666 [Worker-51] INFO  o.e.m.c.i.embedder.EclipseLogger - Copying 0 resource
2015-07-16 14:40:39,209 [Worker-56] WARN  o.e.m.c.i.embedder.EclipseLogger - Using platform encoding (UTF-8 actually) to copy filtered resources, i.e. build is platform dependent!
2015-07-16 14:40:39,210 [Worker-56] INFO  o.e.m.c.i.embedder.EclipseLogger - Copying 0 resource
2015-07-16 14:40:39,211 [Worker-56] WARN  o.e.m.c.i.embedder.EclipseLogger - Using platform encoding (UTF-8 actually) to copy filtered resources, i.e. build is platform dependent!
2015-07-16 14:40:39,211 [Worker-56] INFO  o.e.m.c.i.embedder.EclipseLogger - Copying 0 resource
2015-07-16 14:42:54,357 [Worker-51] WARN  o.e.m.c.i.embedder.EclipseLogger - Using platform encoding (UTF-8 actually) to copy filtered resources, i.e. build is platform dependent!
2015-07-16 14:42:54,358 [Worker-51] INFO  o.e.m.c.i.embedder.EclipseLogger - Copying 0 resource
2015-07-16 14:42:54,359 [Worker-51] WARN  o.e.m.c.i.embedder.EclipseLogger - Using platform encoding (UTF-8 actually) to copy filtered resources, i.e. build is platform dependent!
2015-07-16 14:42:54,359 [Worker-51] INFO  o.e.m.c.i.embedder.EclipseLogger - Copying 0 resource
2015-07-16 16:53:10,582 [Worker-102] INFO  o.e.m.c.i.l.LifecycleMappingFactory - Using org.eclipse.m2e.jdt.JarLifecycleMapping lifecycle mapping for MavenProject: com.maiastra.bds.kb.mapping:docker_kb_map:0.0.1-SNAPSHOT @ /Users/tschoots/BDS_development/Docker/hub_client/upload_ec_ws/docker_kb_map/pom.xml.
2015-07-16 16:53:10,648 [Worker-102] INFO  o.e.m.j.i.AbstractJavaProjectConfigurator - Adding source folder /docker_kb_map/src/main/java
2015-07-16 16:53:10,648 [Worker-102] INFO  o.e.m.j.i.AbstractJavaProjectConfigurator - Adding resource folder /docker_kb_map/src/main/resources
2015-07-16 16:53:10,649 [Worker-102] INFO  o.e.m.j.i.AbstractJavaProjectConfigurator - Adding source folder /docker_kb_map/src/test/java
2015-07-16 16:53:10,649 [Worker-102] INFO  o.e.m.j.i.AbstractJavaProjectConfigurator - Adding resource folder /docker_kb_map/src/test/resources
2015-07-16 16:53:10,916 [Worker-87] WARN  o.e.m.c.i.embedder.EclipseLogger - Using platform encoding (UTF-8 actually) to copy filtered resources, i.e. build is platform dependent!
2015-07-16 16:53:10,918 [Worker-87] INFO  o.e.m.c.i.embedder.EclipseLogger - Copying 0 resource
2015-07-16 16:53:10,919 [Worker-87] WARN  o.e.m.c.i.embedder.EclipseLogger - Using platform encoding (UTF-8 actually) to copy filtered resources, i.e. build is platform dependent!
2015-07-16 16:53:10,919 [Worker-87] INFO  o.e.m.c.i.embedder.EclipseLogger - Copying 0 resource
2015-07-16 16:55:41,207 [Worker-94] INFO  o.e.m.c.i.l.LifecycleMappingFactory - Using org.eclipse.m2e.jdt.JarLifecycleMapping lifecycle mapping for MavenProject: com.maiastra.bds.kb.mapping:docker_kb_map:0.0.1-SNAPSHOT @ /Users/tschoots/BDS_development/Docker/hub_client/upload_ec_ws/docker_kb_map/pom.xml.
2015-07-16 16:55:41,300 [Worker-94] WARN  o.e.m.c.i.embedder.EclipseLogger - Using platform encoding (UTF-8 actually) to copy filtered resources, i.e. build is platform dependent!
2015-07-16 16:55:41,300 [Worker-94] INFO  o.e.m.c.i.embedder.EclipseLogger - Copying 0 resource
2015-07-16 16:55:41,301 [Worker-94] WARN  o.e.m.c.i.embedder.EclipseLogger - Using platform encoding (UTF-8 actually) to copy filtered resources, i.e. build is platform dependent!
2015-07-16 16:55:41,302 [Worker-94] INFO  o.e.m.c.i.embedder.EclipseLogger - Copying 0 resource
2015-07-16 16:56:06,292 [Worker-104] WARN  o.e.m.c.i.embedder.EclipseLogger - Using platform encoding (UTF-8 actually) to copy filtered resources, i.e. build is platform dependent!
2015-07-16 16:56:06,293 [Worker-104] INFO  o.e.m.c.i.embedder.EclipseLogger - Copying 0 resource
2015-07-16 16:56:06,294 [Worker-104] WARN  o.e.m.c.i.embedder.EclipseLogger - Using platform encoding (UTF-8 actually) to copy filtered resources, i.e. build is platform dependent!
2015-07-16 16:56:06,294 [Worker-104] INFO  o.e.m.c.i.embedder.EclipseLogger - Copying 0 resource
2015-07-16 16:57:03,694 [Worker-94] WARN  o.e.m.c.i.embedder.EclipseLogger - Using platform encoding (UTF-8 actually) to copy filtered resources, i.e. build is platform dependent!
2015-07-16 16:57:03,695 [Worker-94] INFO  o.e.m.c.i.embedder.EclipseLogger - Copying 0 resource
2015-07-16 16:57:03,695 [Worker-94] WARN  o.e.m.c.i.embedder.EclipseLogger - Using platform encoding (UTF-8 actually) to copy filtered resources, i.e. build is platform dependent!
2015-07-16 16:57:03,696 [Worker-94] INFO  o.e.m.c.i.embedder.EclipseLogger - Copying 0 resource
2015-07-16 17:38:11,616 [Worker-104] WARN  o.e.m.c.i.embedder.EclipseLogger - Using platform encoding (UTF-8 actually) to copy filtered resources, i.e. build is platform dependent!
2015-07-16 17:38:11,617 [Worker-104] INFO  o.e.m.c.i.embedder.EclipseLogger - Copying 0 resource
2015-07-16 17:38:11,618 [Worker-104] WARN  o.e.m.c.i.embedder.EclipseLogger - Using platform encoding (UTF-8 actually) to copy filtered resources, i.e. build is platform dependent!
2015-07-16 17:38:11,618 [Worker-104] INFO  o.e.m.c.i.embedder.EclipseLogger - Copying 0 resource
2015-07-16 17:38:36,022 [Worker-99] WARN  o.e.m.c.i.embedder.EclipseLogger - Using platform encoding (UTF-8 actually) to copy filtered resources, i.e. build is platform dependent!
2015-07-16 17:38:36,023 [Worker-99] INFO  o.e.m.c.i.embedder.EclipseLogger - Copying 0 resource
2015-07-16 17:38:36,024 [Worker-99] WARN  o.e.m.c.i.embedder.EclipseLogger - Using platform encoding (UTF-8 actually) to copy filtered resources, i.e. build is platform dependent!
2015-07-16 17:38:36,025 [Worker-99] INFO  o.e.m.c.i.embedder.EclipseLogger - Copying 0 resource
2015-07-16 17:42:25,718 [Worker-111] WARN  o.e.m.c.i.embedder.EclipseLogger - Using platform encoding (UTF-8 actually) to copy filtered resources, i.e. build is platform dependent!
2015-07-16 17:42:25,719 [Worker-111] INFO  o.e.m.c.i.embedder.EclipseLogger - Copying 0 resource
2015-07-16 17:42:25,720 [Worker-111] WARN  o.e.m.c.i.embedder.EclipseLogger - Using platform encoding (UTF-8 actually) to copy filtered resources, i.e. build is platform dependent!
2015-07-16 17:42:25,720 [Worker-111] INFO  o.e.m.c.i.embedder.EclipseLogger - Copying 0 resource
2015-07-16 17:43:36,467 [Worker-110] WARN  o.e.m.c.i.embedder.EclipseLogger - Using platform encoding (UTF-8 actually) to copy filtered resources, i.e. build is platform dependent!
2015-07-16 17:43:36,468 [Worker-110] INFO  o.e.m.c.i.embedder.EclipseLogger - Copying 0 resource
2015-07-16 17:43:36,468 [Worker-110] WARN  o.e.m.c.i.embedder.EclipseLogger - Using platform encoding (UTF-8 actually) to copy filtered resources, i.e. build is platform dependent!
2015-07-16 17:43:36,469 [Worker-110] INFO  o.e.m.c.i.embedder.EclipseLogger - Copying 0 resource
2015-07-16 18:18:40,290 [Worker-116] WARN  o.e.m.c.i.embedder.EclipseLogger - Using platform encoding (UTF-8 actually) to copy filtered resources, i.e. build is platform dependent!
2015-07-16 18:18:40,290 [Worker-116] INFO  o.e.m.c.i.embedder.EclipseLogger - Copying 0 resource
2015-07-16 18:18:40,291 [Worker-116] WARN  o.e.m.c.i.embedder.EclipseLogger - Using platform encoding (UTF-8 actually) to copy filtered resources, i.e. build is platform dependent!
2015-07-16 18:18:40,292 [Worker-116] INFO  o.e.m.c.i.embedder.EclipseLogger - Copying 0 resource
2015-07-16 18:18:59,558 [Worker-121] WARN  o.e.m.c.i.embedder.EclipseLogger - Using platform encoding (UTF-8 actually) to copy filtered resources, i.e. build is platform dependent!
2015-07-16 18:18:59,559 [Worker-121] INFO  o.e.m.c.i.embedder.EclipseLogger - Copying 0 resource
2015-07-16 18:18:59,559 [Worker-121] WARN  o.e.m.c.i.embedder.EclipseLogger - Using platform encoding (UTF-8 actually) to copy filtered resources, i.e. build is platform dependent!
2015-07-16 18:18:59,560 [Worker-121] INFO  o.e.m.c.i.embedder.EclipseLogger - Copying 0 resource
2015-07-16 18:20:51,158 [Worker-122] WARN  o.e.m.c.i.embedder.EclipseLogger - Using platform encoding (UTF-8 actually) to copy filtered resources, i.e. build is platform dependent!
2015-07-16 18:20:51,159 [Worker-122] INFO  o.e.m.c.i.embedder.EclipseLogger - Copying 0 resource
2015-07-16 18:20:51,160 [Worker-122] WARN  o.e.m.c.i.embedder.EclipseLogger - Using platform encoding (UTF-8 actually) to copy filtered resources, i.e. build is platform dependent!
2015-07-16 18:20:51,160 [Worker-122] INFO  o.e.m.c.i.embedder.EclipseLogger - Copying 0 resource
2015-07-16 18:26:16,586 [Worker-120] WARN  o.e.m.c.i.embedder.EclipseLogger - Using platform encoding (UTF-8 actually) to copy filtered resources, i.e. build is platform dependent!
2015-07-16 18:26:16,587 [Worker-120] INFO  o.e.m.c.i.embedder.EclipseLogger - Copying 0 resource
2015-07-16 18:26:16,587 [Worker-120] WARN  o.e.m.c.i.embedder.EclipseLogger - Using platform encoding (UTF-8 actually) to copy filtered resources, i.e. build is platform dependent!
2015-07-16 18:26:16,587 [Worker-120] INFO  o.e.m.c.i.embedder.EclipseLogger - Copying 0 resource
2015-07-16 18:26:42,927 [Worker-110] WARN  o.e.m.c.i.embedder.EclipseLogger - Using platform encoding (UTF-8 actually) to copy filtered resources, i.e. build is platform dependent!
2015-07-16 18:26:42,927 [Worker-110] INFO  o.e.m.c.i.embedder.EclipseLogger - Copying 0 resource
2015-07-16 18:26:42,928 [Worker-110] WARN  o.e.m.c.i.embedder.EclipseLogger - Using platform encoding (UTF-8 actually) to copy filtered resources, i.e. build is platform dependent!
2015-07-16 18:26:42,928 [Worker-110] INFO  o.e.m.c.i.embedder.EclipseLogger - Copying 0 resource
2015-07-16 18:27:02,849 [Worker-124] WARN  o.e.m.c.i.embedder.EclipseLogger - Using platform encoding (UTF-8 actually) to copy filtered resources, i.e. build is platform dependent!
2015-07-16 18:27:02,849 [Worker-124] INFO  o.e.m.c.i.embedder.EclipseLogger - Copying 0 resource
2015-07-16 18:27:02,850 [Worker-124] WARN  o.e.m.c.i.embedder.EclipseLogger - Using platform encoding (UTF-8 actually) to copy filtered resources, i.e. build is platform dependent!
2015-07-16 18:27:02,850 [Worker-124] INFO  o.e.m.c.i.embedder.EclipseLogger - Copying 0 resource
2015-07-16 18:27:26,358 [Worker-117] WARN  o.e.m.c.i.embedder.EclipseLogger - Using platform encoding (UTF-8 actually) to copy filtered resources, i.e. build is platform dependent!
2015-07-16 18:27:26,359 [Worker-117] INFO  o.e.m.c.i.embedder.EclipseLogger - Copying 0 resource
2015-07-16 18:27:26,359 [Worker-117] WARN  o.e.m.c.i.embedder.EclipseLogger - Using platform encoding (UTF-8 actually) to copy filtered resources, i.e. build is platform dependent!
2015-07-16 18:27:26,360 [Worker-117] INFO  o.e.m.c.i.embedder.EclipseLogger - Copying 0 resource
2015-07-16 18:27:48,892 [Worker-123] WARN  o.e.m.c.i.embedder.EclipseLogger - Using platform encoding (UTF-8 actually) to copy filtered resources, i.e. build is platform dependent!
2015-07-16 18:27:48,893 [Worker-123] INFO  o.e.m.c.i.embedder.EclipseLogger - Copying 0 resource
2015-07-16 18:27:48,895 [Worker-123] WARN  o.e.m.c.i.embedder.EclipseLogger - Using platform encoding (UTF-8 actually) to copy filtered resources, i.e. build is platform dependent!
2015-07-16 18:27:48,896 [Worker-123] INFO  o.e.m.c.i.embedder.EclipseLogger - Copying 0 resource
2015-07-16 18:30:14,318 [Worker-124] WARN  o.e.m.c.i.embedder.EclipseLogger - Using platform encoding (UTF-8 actually) to copy filtered resources, i.e. build is platform dependent!
2015-07-16 18:30:14,319 [Worker-124] INFO  o.e.m.c.i.embedder.EclipseLogger - Copying 0 resource
2015-07-16 18:30:14,320 [Worker-124] WARN  o.e.m.c.i.embedder.EclipseLogger - Using platform encoding (UTF-8 actually) to copy filtered resources, i.e. build is platform dependent!
2015-07-16 18:30:14,320 [Worker-124] INFO  o.e.m.c.i.embedder.EclipseLogger - Copying 0 resource
2015-07-16 18:30:29,984 [Worker-126] WARN  o.e.m.c.i.embedder.EclipseLogger - Using platform encoding (UTF-8 actually) to copy filtered resources, i.e. build is platform dependent!
2015-07-16 18:30:29,984 [Worker-126] INFO  o.e.m.c.i.embedder.EclipseLogger - Copying 0 resource
2015-07-16 18:30:29,985 [Worker-126] WARN  o.e.m.c.i.embedder.EclipseLogger - Using platform encoding (UTF-8 actually) to copy filtered resources, i.e. build is platform dependent!
2015-07-16 18:30:29,985 [Worker-126] INFO  o.e.m.c.i.embedder.EclipseLogger - Copying 0 resource
2015-07-16 18:30:38,908 [Worker-117] WARN  o.e.m.c.i.embedder.EclipseLogger - Using platform encoding (UTF-8 actually) to copy filtered resources, i.e. build is platform dependent!
2015-07-16 18:30:38,909 [Worker-117] INFO  o.e.m.c.i.embedder.EclipseLogger - Copying 0 resource
2015-07-16 18:30:38,909 [Worker-117] WARN  o.e.m.c.i.embedder.EclipseLogger - Using platform encoding (UTF-8 actually) to copy filtered resources, i.e. build is platform dependent!
2015-07-16 18:30:38,910 [Worker-117] INFO  o.e.m.c.i.embedder.EclipseLogger - Copying 0 resource
2015-07-16 18:46:10,491 [Worker-132] WARN  o.e.m.c.i.embedder.EclipseLogger - Using platform encoding (UTF-8 actually) to copy filtered resources, i.e. build is platform dependent!
2015-07-16 18:46:10,492 [Worker-132] INFO  o.e.m.c.i.embedder.EclipseLogger - Copying 0 resource
2015-07-16 18:46:10,493 [Worker-132] WARN  o.e.m.c.i.embedder.EclipseLogger - Using platform encoding (UTF-8 actually) to copy filtered resources, i.e. build is platform dependent!
2015-07-16 18:46:10,493 [Worker-132] INFO  o.e.m.c.i.embedder.EclipseLogger - Copying 0 resource
2015-07-16 18:46:33,466 [Worker-120] WARN  o.e.m.c.i.embedder.EclipseLogger - Using platform encoding (UTF-8 actually) to copy filtered resources, i.e. build is platform dependent!
2015-07-16 18:46:33,466 [Worker-120] INFO  o.e.m.c.i.embedder.EclipseLogger - Copying 0 resource
2015-07-16 18:46:33,467 [Worker-120] WARN  o.e.m.c.i.embedder.EclipseLogger - Using platform encoding (UTF-8 actually) to copy filtered resources, i.e. build is platform dependent!
2015-07-16 18:46:33,467 [Worker-120] INFO  o.e.m.c.i.embedder.EclipseLogger - Copying 0 resource
2015-07-16 18:49:11,674 [Worker-120] WARN  o.e.m.c.i.embedder.EclipseLogger - Using platform encoding (UTF-8 actually) to copy filtered resources, i.e. build is platform dependent!
2015-07-16 18:49:11,675 [Worker-120] INFO  o.e.m.c.i.embedder.EclipseLogger - Copying 0 resource
2015-07-16 18:49:11,675 [Worker-120] WARN  o.e.m.c.i.embedder.EclipseLogger - Using platform encoding (UTF-8 actually) to copy filtered resources, i.e. build is platform dependent!
2015-07-16 18:49:11,676 [Worker-120] INFO  o.e.m.c.i.embedder.EclipseLogger - Copying 0 resource
2015-07-16 18:49:18,178 [Worker-133] WARN  o.e.m.c.i.embedder.EclipseLogger - Using platform encoding (UTF-8 actually) to copy filtered resources, i.e. build is platform dependent!
2015-07-16 18:49:18,179 [Worker-133] INFO  o.e.m.c.i.embedder.EclipseLogger - Copying 0 resource
2015-07-16 18:49:18,179 [Worker-133] WARN  o.e.m.c.i.embedder.EclipseLogger - Using platform encoding (UTF-8 actually) to copy filtered resources, i.e. build is platform dependent!
2015-07-16 18:49:18,180 [Worker-133] INFO  o.e.m.c.i.embedder.EclipseLogger - Copying 0 resource
2015-07-16 18:50:27,272 [Worker-132] WARN  o.e.m.c.i.embedder.EclipseLogger - Using platform encoding (UTF-8 actually) to copy filtered resources, i.e. build is platform dependent!
2015-07-16 18:50:27,272 [Worker-132] INFO  o.e.m.c.i.embedder.EclipseLogger - Copying 0 resource
2015-07-16 18:50:27,274 [Worker-132] WARN  o.e.m.c.i.embedder.EclipseLogger - Using platform encoding (UTF-8 actually) to copy filtered resources, i.e. build is platform dependent!
2015-07-16 18:50:27,274 [Worker-132] INFO  o.e.m.c.i.embedder.EclipseLogger - Copying 0 resource
2015-07-16 18:51:30,216 [Worker-133] WARN  o.e.m.c.i.embedder.EclipseLogger - Using platform encoding (UTF-8 actually) to copy filtered resources, i.e. build is platform dependent!
2015-07-16 18:51:30,216 [Worker-133] INFO  o.e.m.c.i.embedder.EclipseLogger - Copying 0 resource
2015-07-16 18:51:30,217 [Worker-133] WARN  o.e.m.c.i.embedder.EclipseLogger - Using platform encoding (UTF-8 actually) to copy filtered resources, i.e. build is platform dependent!
2015-07-16 18:51:30,218 [Worker-133] INFO  o.e.m.c.i.embedder.EclipseLogger - Copying 0 resource
2015-07-16 19:08:09,679 [Worker-133] WARN  o.e.m.c.i.embedder.EclipseLogger - Using platform encoding (UTF-8 actually) to copy filtered resources, i.e. build is platform dependent!
2015-07-16 19:08:09,680 [Worker-133] INFO  o.e.m.c.i.embedder.EclipseLogger - Copying 0 resource
2015-07-16 19:08:09,681 [Worker-133] WARN  o.e.m.c.i.embedder.EclipseLogger - Using platform encoding (UTF-8 actually) to copy filtered resources, i.e. build is platform dependent!
2015-07-16 19:08:09,681 [Worker-133] INFO  o.e.m.c.i.embedder.EclipseLogger - Copying 0 resource
2015-07-16 19:28:47,175 [Worker-138] WARN  o.e.m.c.i.embedder.EclipseLogger - Using platform encoding (UTF-8 actually) to copy filtered resources, i.e. build is platform dependent!
2015-07-16 19:28:47,176 [Worker-138] INFO  o.e.m.c.i.embedder.EclipseLogger - Copying 0 resource
2015-07-16 19:28:47,176 [Worker-138] WARN  o.e.m.c.i.embedder.EclipseLogger - Using platform encoding (UTF-8 actually) to copy filtered resources, i.e. build is platform dependent!
2015-07-16 19:28:47,177 [Worker-138] INFO  o.e.m.c.i.embedder.EclipseLogger - Copying 0 resource
2015-07-16 19:32:55,432 [Worker-145] WARN  o.e.m.c.i.embedder.EclipseLogger - Using platform encoding (UTF-8 actually) to copy filtered resources, i.e. build is platform dependent!
2015-07-16 19:32:55,432 [Worker-145] INFO  o.e.m.c.i.embedder.EclipseLogger - Copying 0 resource
2015-07-16 19:32:55,433 [Worker-145] WARN  o.e.m.c.i.embedder.EclipseLogger - Using platform encoding (UTF-8 actually) to copy filtered resources, i.e. build is platform dependent!
2015-07-16 19:32:55,433 [Worker-145] INFO  o.e.m.c.i.embedder.EclipseLogger - Copying 0 resource
2015-07-16 19:33:15,842 [Worker-142] WARN  o.e.m.c.i.embedder.EclipseLogger - Using platform encoding (UTF-8 actually) to copy filtered resources, i.e. build is platform dependent!
2015-07-16 19:33:15,843 [Worker-142] INFO  o.e.m.c.i.embedder.EclipseLogger - Copying 0 resource
2015-07-16 19:33:15,844 [Worker-142] WARN  o.e.m.c.i.embedder.EclipseLogger - Using platform encoding (UTF-8 actually) to copy filtered resources, i.e. build is platform dependent!
2015-07-16 19:33:15,844 [Worker-142] INFO  o.e.m.c.i.embedder.EclipseLogger - Copying 0 resource
2015-07-16 19:35:16,955 [Worker-146] WARN  o.e.m.c.i.embedder.EclipseLogger - Using platform encoding (UTF-8 actually) to copy filtered resources, i.e. build is platform dependent!
2015-07-16 19:35:16,955 [Worker-146] INFO  o.e.m.c.i.embedder.EclipseLogger - Copying 0 resource
2015-07-16 19:35:16,956 [Worker-146] WARN  o.e.m.c.i.embedder.EclipseLogger - Using platform encoding (UTF-8 actually) to copy filtered resources, i.e. build is platform dependent!
2015-07-16 19:35:16,958 [Worker-146] INFO  o.e.m.c.i.embedder.EclipseLogger - Copying 0 resource
2015-07-16 19:38:56,809 [Worker-122] WARN  o.e.m.c.i.embedder.EclipseLogger - Using platform encoding (UTF-8 actually) to copy filtered resources, i.e. build is platform dependent!
2015-07-16 19:38:56,810 [Worker-122] INFO  o.e.m.c.i.embedder.EclipseLogger - Copying 0 resource
2015-07-16 19:38:56,810 [Worker-122] WARN  o.e.m.c.i.embedder.EclipseLogger - Using platform encoding (UTF-8 actually) to copy filtered resources, i.e. build is platform dependent!
2015-07-16 19:38:56,810 [Worker-122] INFO  o.e.m.c.i.embedder.EclipseLogger - Copying 0 resource
2015-07-16 19:40:01,783 [Worker-144] WARN  o.e.m.c.i.embedder.EclipseLogger - Using platform encoding (UTF-8 actually) to copy filtered resources, i.e. build is platform dependent!
2015-07-16 19:40:01,784 [Worker-144] INFO  o.e.m.c.i.embedder.EclipseLogger - Copying 0 resource
2015-07-16 19:40:01,784 [Worker-144] WARN  o.e.m.c.i.embedder.EclipseLogger - Using platform encoding (UTF-8 actually) to copy filtered resources, i.e. build is platform dependent!
2015-07-16 19:40:01,784 [Worker-144] INFO  o.e.m.c.i.embedder.EclipseLogger - Copying 0 resource
2015-07-16 19:41:24,585 [Worker-146] WARN  o.e.m.c.i.embedder.EclipseLogger - Using platform encoding (UTF-8 actually) to copy filtered resources, i.e. build is platform dependent!
2015-07-16 19:41:24,585 [Worker-146] INFO  o.e.m.c.i.embedder.EclipseLogger - Copying 0 resource
2015-07-16 19:41:24,586 [Worker-146] WARN  o.e.m.c.i.embedder.EclipseLogger - Using platform encoding (UTF-8 actually) to copy filtered resources, i.e. build is platform dependent!
2015-07-16 19:41:24,586 [Worker-146] INFO  o.e.m.c.i.embedder.EclipseLogger - Copying 0 resource
2015-07-16 19:51:47,526 [Worker-146] WARN  o.e.m.c.i.embedder.EclipseLogger - Using platform encoding (UTF-8 actually) to copy filtered resources, i.e. build is platform dependent!
2015-07-16 19:51:47,527 [Worker-146] INFO  o.e.m.c.i.embedder.EclipseLogger - Copying 0 resource
2015-07-16 19:51:47,529 [Worker-146] WARN  o.e.m.c.i.embedder.EclipseLogger - Using platform encoding (UTF-8 actually) to copy filtered resources, i.e. build is platform dependent!
2015-07-16 19:51:47,529 [Worker-146] INFO  o.e.m.c.i.embedder.EclipseLogger - Copying 0 resource
2015-07-16 19:58:37,704 [Worker-151] WARN  o.e.m.c.i.embedder.EclipseLogger - Using platform encoding (UTF-8 actually) to copy filtered resources, i.e. build is platform dependent!
2015-07-16 19:58:37,704 [Worker-151] INFO  o.e.m.c.i.embedder.EclipseLogger - Copying 0 resource
2015-07-16 19:58:37,705 [Worker-151] WARN  o.e.m.c.i.embedder.EclipseLogger - Using platform encoding (UTF-8 actually) to copy filtered resources, i.e. build is platform dependent!
2015-07-16 19:58:37,705 [Worker-151] INFO  o.e.m.c.i.embedder.EclipseLogger - Copying 0 resource
2015-07-16 20:39:57,897 [Stop Help Server] INFO  o.e.jetty.server.ServerConnector - Stopped ServerConnector@5be9e657{HTTP/1.1}{127.0.0.1:0}
2015-07-16 20:39:57,906 [Stop Help Server] INFO  o.e.j.server.handler.ContextHandler - Stopped o.e.j.s.ServletContextHandler@7100ffce{/help,null,UNAVAILABLE}
